<?xml version="1.0" encoding="UTF-8"?>
<!-- Generated by org.testng.reporters.JUnitXMLReporter -->
<testsuite hostname="Chaparrón" name="Default test" tests="2" failures="1" timestamp="24 Feb 2015 19:51:33 GMT" time="58.16" errors="0">
  <testcase name="logInTest" time="17.392" classname="tests.LoginPageTest"/>
  <testcase name="sendEmail" time="14.334" classname="tests.LoginPageTest">
    <failure type="org.openqa.selenium.WebDriverException" message="[JavaScript Error: &amp;quot;e is null&amp;quot; {file: &amp;quot;file:///C:/Users/Juan/AppData/Local/Temp/anonymous7223444191532791546webdriver-profile/extensions/fxdriver@googlecode.com/components/command-processor.js&amp;quot; line: 7854}]&amp;apos;[JavaScript Error: &amp;quot;e is null&amp;quot; {file: &amp;quot;file:///C:/Users/Juan/AppData/Local/Temp/anonymous7223444191532791546webdriver-profile/extensions/fxdriver@googlecode.com/components/command-processor.js&amp;quot; line: 7854}]&amp;apos; when calling method: [nsICommandProcessor::execute]
Command duration or timeout: 82 milliseconds
Build info: version: &amp;apos;2.44.0&amp;apos;, revision: &amp;apos;76d78cf323ce037c5f92db6c1bba601c2ac43ad8&amp;apos;, time: &amp;apos;2014-10-23 13:11:40&amp;apos;
System info: host: &amp;apos;Chaparrón&amp;apos;, ip: &amp;apos;10.0.0.5&amp;apos;, os.name: &amp;apos;Windows 8.1&amp;apos;, os.arch: &amp;apos;x86&amp;apos;, os.version: &amp;apos;6.3&amp;apos;, java.version: &amp;apos;1.8.0_31&amp;apos;
Driver info: org.openqa.selenium.firefox.FirefoxDriver
Capabilities [{applicationCacheEnabled=true, rotatable=false, handlesAlerts=true, databaseEnabled=true, version=35.0.1, platform=WINDOWS, nativeEvents=false, acceptSslCerts=true, webStorageEnabled=true, locationContextEnabled=true, browserName=firefox, takesScreenshot=true, javascriptEnabled=true, cssSelectorsEnabled=true}]
Session ID: 4e565eb4-14ab-4a71-af9a-ec14563e6cb5">
      <![CDATA[org.openqa.selenium.WebDriverException: [JavaScript Error: "e is null" {file: "file:///C:/Users/Juan/AppData/Local/Temp/anonymous7223444191532791546webdriver-profile/extensions/fxdriver@googlecode.com/components/command-processor.js" line: 7854}]'[JavaScript Error: "e is null" {file: "file:///C:/Users/Juan/AppData/Local/Temp/anonymous7223444191532791546webdriver-profile/extensions/fxdriver@googlecode.com/components/command-processor.js" line: 7854}]' when calling method: [nsICommandProcessor::execute]
Command duration or timeout: 82 milliseconds
Build info: version: '2.44.0', revision: '76d78cf323ce037c5f92db6c1bba601c2ac43ad8', time: '2014-10-23 13:11:40'
System info: host: 'Chaparrón', ip: '10.0.0.5', os.name: 'Windows 8.1', os.arch: 'x86', os.version: '6.3', java.version: '1.8.0_31'
Driver info: org.openqa.selenium.firefox.FirefoxDriver
Capabilities [{applicationCacheEnabled=true, rotatable=false, handlesAlerts=true, databaseEnabled=true, version=35.0.1, platform=WINDOWS, nativeEvents=false, acceptSslCerts=true, webStorageEnabled=true, locationContextEnabled=true, browserName=firefox, takesScreenshot=true, javascriptEnabled=true, cssSelectorsEnabled=true}]
Session ID: 4e565eb4-14ab-4a71-af9a-ec14563e6cb5
	at sun.reflect.NativeConstructorAccessorImpl.newInstance0(Native Method)
	at sun.reflect.NativeConstructorAccessorImpl.newInstance(Unknown Source)
	at sun.reflect.DelegatingConstructorAccessorImpl.newInstance(Unknown Source)
	at java.lang.reflect.Constructor.newInstance(Unknown Source)
	at org.openqa.selenium.remote.ErrorHandler.createThrowable(ErrorHandler.java:204)
	at org.openqa.selenium.remote.ErrorHandler.throwIfResponseFailed(ErrorHandler.java:156)
	at org.openqa.selenium.remote.RemoteWebDriver.execute(RemoteWebDriver.java:599)
	at org.openqa.selenium.firefox.FirefoxDriver.access$100(FirefoxDriver.java:73)
	at org.openqa.selenium.firefox.FirefoxDriver$1$1.implicitlyWait(FirefoxDriver.java:219)
	at utils.DriverClass.getTheDriverNow(DriverClass.java:13)
	at tests.LoginPageTest.sendEmail(LoginPageTest.java:66)
	at sun.reflect.NativeMethodAccessorImpl.invoke0(Native Method)
	at sun.reflect.NativeMethodAccessorImpl.invoke(Unknown Source)
	at sun.reflect.DelegatingMethodAccessorImpl.invoke(Unknown Source)
	at java.lang.reflect.Method.invoke(Unknown Source)
	at org.testng.internal.MethodInvocationHelper.invokeMethod(MethodInvocationHelper.java:84)
	at org.testng.internal.Invoker.invokeMethod(Invoker.java:714)
	at org.testng.internal.Invoker.invokeTestMethod(Invoker.java:901)
	at org.testng.internal.Invoker.invokeTestMethods(Invoker.java:1231)
	at org.testng.internal.TestMethodWorker.invokeTestMethods(TestMethodWorker.java:127)
	at org.testng.internal.TestMethodWorker.run(TestMethodWorker.java:111)
	at org.testng.TestRunner.privateRun(TestRunner.java:767)
	at org.testng.TestRunner.run(TestRunner.java:617)
	at org.testng.SuiteRunner.runTest(SuiteRunner.java:334)
	at org.testng.SuiteRunner.runSequentially(SuiteRunner.java:329)
	at org.testng.SuiteRunner.privateRun(SuiteRunner.java:291)
	at org.testng.SuiteRunner.run(SuiteRunner.java:240)
	at org.testng.SuiteRunnerWorker.runSuite(SuiteRunnerWorker.java:52)
	at org.testng.SuiteRunnerWorker.run(SuiteRunnerWorker.java:86)
	at org.testng.TestNG.runSuitesSequentially(TestNG.java:1224)
	at org.testng.TestNG.runSuitesLocally(TestNG.java:1149)
	at org.testng.TestNG.run(TestNG.java:1057)
	at org.testng.remote.RemoteTestNG.run(RemoteTestNG.java:111)
	at org.testng.remote.RemoteTestNG.initAndRun(RemoteTestNG.java:204)
	at org.testng.remote.RemoteTestNG.main(RemoteTestNG.java:175)
Caused by: org.openqa.selenium.WebDriverException: [JavaScript Error: "e is null" {file: "file:///C:/Users/Juan/AppData/Local/Temp/anonymous7223444191532791546webdriver-profile/extensions/fxdriver@googlecode.com/components/command-processor.js" line: 7854}]'[JavaScript Error: "e is null" {file: "file:///C:/Users/Juan/AppData/Local/Temp/anonymous7223444191532791546webdriver-profile/extensions/fxdriver@googlecode.com/components/command-processor.js" line: 7854}]' when calling method: [nsICommandProcessor::execute]
Build info: version: '2.44.0', revision: '76d78cf323ce037c5f92db6c1bba601c2ac43ad8', time: '2014-10-23 13:11:40'
System info: host: 'Chaparrón', ip: '10.0.0.5', os.name: 'Windows 8.1', os.arch: 'x86', os.version: '6.3', java.version: '1.8.0_31'
Driver info: driver.version: unknown
]]>
    </failure>
  </testcase> <!-- sendEmail -->
</testsuite> <!-- Default test -->
