<?xml version="1.0" encoding="UTF-8"?>
<testng-results skipped="0" failed="1" total="2" passed="1">
  <reporter-output>
  </reporter-output>
  <suite name="Default suite" duration-ms="48753" started-at="2015-02-23T15:00:00Z" finished-at="2015-02-23T15:00:49Z">
    <groups>
    </groups>
    <test name="Default test" duration-ms="48753" started-at="2015-02-23T15:00:00Z" finished-at="2015-02-23T15:00:49Z">
      <class name="tests.LoginPageTest">
        <test-method status="PASS" signature="initTesting()[pri:0, instance:tests.LoginPageTest@d7b1517]" name="initTesting" is-config="true" duration-ms="11621" started-at="2015-02-23T16:00:00Z" description="WebDriver set up" finished-at="2015-02-23T16:00:12Z">
          <reporter-output>
          </reporter-output>
        </test-method> <!-- initTesting -->
        <test-method status="PASS" signature="logInTest()[pri:0, instance:tests.LoginPageTest@d7b1517]" name="logInTest" duration-ms="17781" started-at="2015-02-23T16:00:12Z" description="Login the application" finished-at="2015-02-23T16:00:30Z">
          <reporter-output>
          </reporter-output>
        </test-method> <!-- logInTest -->
        <test-method status="FAIL" signature="sendEmail()[pri:0, instance:tests.LoginPageTest@d7b1517]" name="sendEmail" duration-ms="15653" started-at="2015-02-23T16:00:30Z" description="Save Email To Draft" depends-on-methods="tests.LoginPageTest.logInTest" finished-at="2015-02-23T16:00:45Z">
          <exception class="org.openqa.selenium.ElementNotVisibleException">
            <message>
              <![CDATA[Element is not currently visible and so may not be interacted with
Command duration or timeout: 10.08 seconds
Build info: version: '2.44.0', revision: '76d78cf323ce037c5f92db6c1bba601c2ac43ad8', time: '2014-10-23 13:11:40'
System info: host: 'EPPLKRAW0119', ip: '10.143.13.4', os.name: 'Windows 7', os.arch: 'amd64', os.version: '6.1', java.version: '1.8.0_20'
Driver info: org.openqa.selenium.firefox.FirefoxDriver
Capabilities [{applicationCacheEnabled=true, rotatable=false, handlesAlerts=true, databaseEnabled=true, version=30.0, platform=WINDOWS, browserConnectionEnabled=true, nativeEvents=false, acceptSslCerts=true, webStorageEnabled=true, locationContextEnabled=true, browserName=firefox, takesScreenshot=true, javascriptEnabled=true, cssSelectorsEnabled=true}]
Session ID: 20b39621-3a77-4262-a1a5-b985c8dba060]]>
            </message>
            <full-stacktrace>
              <![CDATA[org.openqa.selenium.ElementNotVisibleException: Element is not currently visible and so may not be interacted with
Command duration or timeout: 10.08 seconds
Build info: version: '2.44.0', revision: '76d78cf323ce037c5f92db6c1bba601c2ac43ad8', time: '2014-10-23 13:11:40'
System info: host: 'EPPLKRAW0119', ip: '10.143.13.4', os.name: 'Windows 7', os.arch: 'amd64', os.version: '6.1', java.version: '1.8.0_20'
Driver info: org.openqa.selenium.firefox.FirefoxDriver
Capabilities [{applicationCacheEnabled=true, rotatable=false, handlesAlerts=true, databaseEnabled=true, version=30.0, platform=WINDOWS, browserConnectionEnabled=true, nativeEvents=false, acceptSslCerts=true, webStorageEnabled=true, locationContextEnabled=true, browserName=firefox, takesScreenshot=true, javascriptEnabled=true, cssSelectorsEnabled=true}]
Session ID: 20b39621-3a77-4262-a1a5-b985c8dba060
	at sun.reflect.NativeConstructorAccessorImpl.newInstance0(Native Method)
	at sun.reflect.NativeConstructorAccessorImpl.newInstance(Unknown Source)
	at sun.reflect.DelegatingConstructorAccessorImpl.newInstance(Unknown Source)
	at java.lang.reflect.Constructor.newInstance(Unknown Source)
	at org.openqa.selenium.remote.ErrorHandler.createThrowable(ErrorHandler.java:204)
	at org.openqa.selenium.remote.ErrorHandler.throwIfResponseFailed(ErrorHandler.java:156)
	at org.openqa.selenium.remote.RemoteWebDriver.execute(RemoteWebDriver.java:599)
	at org.openqa.selenium.remote.RemoteWebElement.execute(RemoteWebElement.java:268)
	at org.openqa.selenium.remote.RemoteWebElement.click(RemoteWebElement.java:79)
	at pageObjects.LogInPage.saveToDraftsButton(LogInPage.java:47)
	at tests.LoginPageTest.sendEmail(LoginPageTest.java:60)
	at sun.reflect.NativeMethodAccessorImpl.invoke0(Native Method)
	at sun.reflect.NativeMethodAccessorImpl.invoke(Unknown Source)
	at sun.reflect.DelegatingMethodAccessorImpl.invoke(Unknown Source)
	at java.lang.reflect.Method.invoke(Unknown Source)
	at org.testng.internal.MethodInvocationHelper.invokeMethod(MethodInvocationHelper.java:84)
	at org.testng.internal.Invoker.invokeMethod(Invoker.java:714)
	at org.testng.internal.Invoker.invokeTestMethod(Invoker.java:901)
	at org.testng.internal.Invoker.invokeTestMethods(Invoker.java:1231)
	at org.testng.internal.TestMethodWorker.invokeTestMethods(TestMethodWorker.java:127)
	at org.testng.internal.TestMethodWorker.run(TestMethodWorker.java:111)
	at org.testng.TestRunner.privateRun(TestRunner.java:767)
	at org.testng.TestRunner.run(TestRunner.java:617)
	at org.testng.SuiteRunner.runTest(SuiteRunner.java:334)
	at org.testng.SuiteRunner.runSequentially(SuiteRunner.java:329)
	at org.testng.SuiteRunner.privateRun(SuiteRunner.java:291)
	at org.testng.SuiteRunner.run(SuiteRunner.java:240)
	at org.testng.SuiteRunnerWorker.runSuite(SuiteRunnerWorker.java:52)
	at org.testng.SuiteRunnerWorker.run(SuiteRunnerWorker.java:86)
	at org.testng.TestNG.runSuitesSequentially(TestNG.java:1224)
	at org.testng.TestNG.runSuitesLocally(TestNG.java:1149)
	at org.testng.TestNG.run(TestNG.java:1057)
	at org.testng.remote.RemoteTestNG.run(RemoteTestNG.java:111)
	at org.testng.remote.RemoteTestNG.initAndRun(RemoteTestNG.java:204)
	at org.testng.remote.RemoteTestNG.main(RemoteTestNG.java:175)
Caused by: org.openqa.selenium.ElementNotVisibleException: Element is not currently visible and so may not be interacted with
Build info: version: '2.44.0', revision: '76d78cf323ce037c5f92db6c1bba601c2ac43ad8', time: '2014-10-23 13:11:40'
System info: host: 'EPPLKRAW0119', ip: '10.143.13.4', os.name: 'Windows 7', os.arch: 'amd64', os.version: '6.1', java.version: '1.8.0_20'
Driver info: driver.version: unknown
	at <anonymous class>.fxdriver.preconditions.visible(file:///C:/Users/Juan_Rodriguez/AppData/Local/Temp/anonymous3201429116989007211webdriver-profile/extensions/fxdriver@googlecode.com/components/command-processor.js:8959:5)
	at <anonymous class>.DelayedCommand.prototype.checkPreconditions_(file:///C:/Users/Juan_Rodriguez/AppData/Local/Temp/anonymous3201429116989007211webdriver-profile/extensions/fxdriver@googlecode.com/components/command-processor.js:11618:1)
	at <anonymous class>.DelayedCommand.prototype.executeInternal_/h(file:///C:/Users/Juan_Rodriguez/AppData/Local/Temp/anonymous3201429116989007211webdriver-profile/extensions/fxdriver@googlecode.com/components/command-processor.js:11635:11)
	at <anonymous class>.fxdriver.Timer.prototype.setTimeout/<.notify(file:///C:/Users/Juan_Rodriguez/AppData/Local/Temp/anonymous3201429116989007211webdriver-profile/extensions/fxdriver@googlecode.com/components/command-processor.js:548:5)
]]>
            </full-stacktrace>
          </exception> <!-- org.openqa.selenium.ElementNotVisibleException -->
          <reporter-output>
          </reporter-output>
        </test-method> <!-- sendEmail -->
        <test-method status="PASS" signature="tearDown()[pri:0, instance:tests.LoginPageTest@d7b1517]" name="tearDown" is-config="true" duration-ms="3665" started-at="2015-02-23T16:00:45Z" description="Closing Browser" finished-at="2015-02-23T16:00:49Z">
          <reporter-output>
          </reporter-output>
        </test-method> <!-- tearDown -->
      </class> <!-- tests.LoginPageTest -->
    </test> <!-- Default test -->
  </suite> <!-- Default suite -->
</testng-results>
