<?xml version="1.0" encoding="UTF-8"?>
<testng-results skipped="0" failed="0" total="2" passed="2">
  <reporter-output>
  </reporter-output>
  <suite name="Default suite" duration-ms="106256" started-at="2015-02-23T22:09:03Z" finished-at="2015-02-23T22:10:49Z">
    <groups>
    </groups>
    <test name="Default test" duration-ms="106256" started-at="2015-02-23T22:09:03Z" finished-at="2015-02-23T22:10:49Z">
      <class name="tests.LoginPageTest">
        <test-method status="PASS" signature="initTesting()[pri:0, instance:tests.LoginPageTest@17b1517]" name="initTesting" is-config="true" duration-ms="22117" started-at="2015-02-23T23:09:03Z" description="WebDriver set up" finished-at="2015-02-23T23:09:25Z">
          <reporter-output>
          </reporter-output>
        </test-method> <!-- initTesting -->
        <test-method status="PASS" signature="logInTest()[pri:0, instance:tests.LoginPageTest@17b1517]" name="logInTest" duration-ms="51258" started-at="2015-02-23T23:09:25Z" description="Login the application" finished-at="2015-02-23T23:10:16Z">
          <reporter-output>
          </reporter-output>
        </test-method> <!-- logInTest -->
        <test-method status="PASS" signature="sendEmail()[pri:0, instance:tests.LoginPageTest@17b1517]" name="sendEmail" duration-ms="32778" started-at="2015-02-23T23:10:16Z" description="Save Email To Draft" depends-on-methods="tests.LoginPageTest.logInTest" finished-at="2015-02-23T23:10:49Z">
          <reporter-output>
          </reporter-output>
        </test-method> <!-- sendEmail -->
        <test-method status="FAIL" signature="tearDown()[pri:0, instance:tests.LoginPageTest@17b1517]" name="tearDown" is-config="true" duration-ms="0" started-at="2015-02-23T23:10:49Z" description="Closing Browser" finished-at="2015-02-23T23:10:49Z">
          <exception class="org.openqa.selenium.WebDriverException">
            <message>
              <![CDATA[[JavaScript Error: "e is null" {file: "file:///C:/Users/Juan/AppData/Local/Temp/anonymous8317252542373625850webdriver-profile/extensions/fxdriver@googlecode.com/components/command-processor.js" line: 7854}]'[JavaScript Error: "e is null" {file: "file:///C:/Users/Juan/AppData/Local/Temp/anonymous8317252542373625850webdriver-profile/extensions/fxdriver@googlecode.com/components/command-processor.js" line: 7854}]' when calling method: [nsICommandProcessor::execute]
Command duration or timeout: 43 milliseconds
Build info: version: '2.44.0', revision: '76d78cf323ce037c5f92db6c1bba601c2ac43ad8', time: '2014-10-23 13:11:40'
System info: host: 'Chaparrón', ip: '10.0.0.4', os.name: 'Windows 8.1', os.arch: 'x86', os.version: '6.3', java.version: '1.8.0_31'
Driver info: org.openqa.selenium.firefox.FirefoxDriver
Capabilities [{applicationCacheEnabled=true, rotatable=false, handlesAlerts=true, databaseEnabled=true, version=35.0.1, platform=WINDOWS, nativeEvents=false, acceptSslCerts=true, webStorageEnabled=true, locationContextEnabled=true, browserName=firefox, takesScreenshot=true, javascriptEnabled=true, cssSelectorsEnabled=true}]
Session ID: 7a365ca3-cde2-4c6d-a8c6-f7ab75a94826]]>
            </message>
            <full-stacktrace>
              <![CDATA[org.openqa.selenium.WebDriverException: [JavaScript Error: "e is null" {file: "file:///C:/Users/Juan/AppData/Local/Temp/anonymous8317252542373625850webdriver-profile/extensions/fxdriver@googlecode.com/components/command-processor.js" line: 7854}]'[JavaScript Error: "e is null" {file: "file:///C:/Users/Juan/AppData/Local/Temp/anonymous8317252542373625850webdriver-profile/extensions/fxdriver@googlecode.com/components/command-processor.js" line: 7854}]' when calling method: [nsICommandProcessor::execute]
Command duration or timeout: 43 milliseconds
Build info: version: '2.44.0', revision: '76d78cf323ce037c5f92db6c1bba601c2ac43ad8', time: '2014-10-23 13:11:40'
System info: host: 'Chaparrón', ip: '10.0.0.4', os.name: 'Windows 8.1', os.arch: 'x86', os.version: '6.3', java.version: '1.8.0_31'
Driver info: org.openqa.selenium.firefox.FirefoxDriver
Capabilities [{applicationCacheEnabled=true, rotatable=false, handlesAlerts=true, databaseEnabled=true, version=35.0.1, platform=WINDOWS, nativeEvents=false, acceptSslCerts=true, webStorageEnabled=true, locationContextEnabled=true, browserName=firefox, takesScreenshot=true, javascriptEnabled=true, cssSelectorsEnabled=true}]
Session ID: 7a365ca3-cde2-4c6d-a8c6-f7ab75a94826
	at sun.reflect.NativeConstructorAccessorImpl.newInstance0(Native Method)
	at sun.reflect.NativeConstructorAccessorImpl.newInstance(Unknown Source)
	at sun.reflect.DelegatingConstructorAccessorImpl.newInstance(Unknown Source)
	at java.lang.reflect.Constructor.newInstance(Unknown Source)
	at org.openqa.selenium.remote.ErrorHandler.createThrowable(ErrorHandler.java:204)
	at org.openqa.selenium.remote.ErrorHandler.throwIfResponseFailed(ErrorHandler.java:156)
	at org.openqa.selenium.remote.RemoteWebDriver.execute(RemoteWebDriver.java:599)
	at org.openqa.selenium.firefox.FirefoxDriver.access$100(FirefoxDriver.java:73)
	at org.openqa.selenium.firefox.FirefoxDriver$1$1.implicitlyWait(FirefoxDriver.java:219)
	at utils.DriverClass.getTheDriverNow(DriverClass.java:13)
	at tests.LoginPageTest.tearDown(LoginPageTest.java:31)
	at sun.reflect.NativeMethodAccessorImpl.invoke0(Native Method)
	at sun.reflect.NativeMethodAccessorImpl.invoke(Unknown Source)
	at sun.reflect.DelegatingMethodAccessorImpl.invoke(Unknown Source)
	at java.lang.reflect.Method.invoke(Unknown Source)
	at org.testng.internal.MethodInvocationHelper.invokeMethod(MethodInvocationHelper.java:84)
	at org.testng.internal.Invoker.invokeConfigurationMethod(Invoker.java:564)
	at org.testng.internal.Invoker.invokeConfigurations(Invoker.java:213)
	at org.testng.internal.Invoker.invokeConfigurations(Invoker.java:138)
	at org.testng.internal.TestMethodWorker.invokeAfterClassMethods(TestMethodWorker.java:225)
	at org.testng.internal.TestMethodWorker.run(TestMethodWorker.java:114)
	at org.testng.TestRunner.privateRun(TestRunner.java:767)
	at org.testng.TestRunner.run(TestRunner.java:617)
	at org.testng.SuiteRunner.runTest(SuiteRunner.java:334)
	at org.testng.SuiteRunner.runSequentially(SuiteRunner.java:329)
	at org.testng.SuiteRunner.privateRun(SuiteRunner.java:291)
	at org.testng.SuiteRunner.run(SuiteRunner.java:240)
	at org.testng.SuiteRunnerWorker.runSuite(SuiteRunnerWorker.java:52)
	at org.testng.SuiteRunnerWorker.run(SuiteRunnerWorker.java:86)
	at org.testng.TestNG.runSuitesSequentially(TestNG.java:1224)
	at org.testng.TestNG.runSuitesLocally(TestNG.java:1149)
	at org.testng.TestNG.run(TestNG.java:1057)
	at org.testng.remote.RemoteTestNG.run(RemoteTestNG.java:111)
	at org.testng.remote.RemoteTestNG.initAndRun(RemoteTestNG.java:204)
	at org.testng.remote.RemoteTestNG.main(RemoteTestNG.java:175)
Caused by: org.openqa.selenium.WebDriverException: [JavaScript Error: "e is null" {file: "file:///C:/Users/Juan/AppData/Local/Temp/anonymous8317252542373625850webdriver-profile/extensions/fxdriver@googlecode.com/components/command-processor.js" line: 7854}]'[JavaScript Error: "e is null" {file: "file:///C:/Users/Juan/AppData/Local/Temp/anonymous8317252542373625850webdriver-profile/extensions/fxdriver@googlecode.com/components/command-processor.js" line: 7854}]' when calling method: [nsICommandProcessor::execute]
Build info: version: '2.44.0', revision: '76d78cf323ce037c5f92db6c1bba601c2ac43ad8', time: '2014-10-23 13:11:40'
System info: host: 'Chaparrón', ip: '10.0.0.4', os.name: 'Windows 8.1', os.arch: 'x86', os.version: '6.3', java.version: '1.8.0_31'
Driver info: driver.version: unknown
]]>
            </full-stacktrace>
          </exception> <!-- org.openqa.selenium.WebDriverException -->
          <reporter-output>
          </reporter-output>
        </test-method> <!-- tearDown -->
      </class> <!-- tests.LoginPageTest -->
    </test> <!-- Default test -->
  </suite> <!-- Default suite -->
</testng-results>
